mode: set
github.com/nicobianchetti/Meli-Quasar-NB/src/service/satellite-service.go:38.89,40.2 1 1
github.com/nicobianchetti/Meli-Quasar-NB/src/service/satellite-service.go:42.99,48.31 2 1
github.com/nicobianchetti/Meli-Quasar-NB/src/service/satellite-service.go:57.2,57.37 1 1
github.com/nicobianchetti/Meli-Quasar-NB/src/service/satellite-service.go:64.2,64.38 1 1
github.com/nicobianchetti/Meli-Quasar-NB/src/service/satellite-service.go:71.2,76.31 5 1
github.com/nicobianchetti/Meli-Quasar-NB/src/service/satellite-service.go:81.2,88.30 5 1
github.com/nicobianchetti/Meli-Quasar-NB/src/service/satellite-service.go:92.2,92.16 1 1
github.com/nicobianchetti/Meli-Quasar-NB/src/service/satellite-service.go:96.2,100.29 3 1
github.com/nicobianchetti/Meli-Quasar-NB/src/service/satellite-service.go:105.2,105.16 1 1
github.com/nicobianchetti/Meli-Quasar-NB/src/service/satellite-service.go:109.2,109.51 1 1
github.com/nicobianchetti/Meli-Quasar-NB/src/service/satellite-service.go:48.31,52.22 2 1
github.com/nicobianchetti/Meli-Quasar-NB/src/service/satellite-service.go:52.22,54.4 1 1
github.com/nicobianchetti/Meli-Quasar-NB/src/service/satellite-service.go:57.37,58.54 1 1
github.com/nicobianchetti/Meli-Quasar-NB/src/service/satellite-service.go:58.54,60.4 1 1
github.com/nicobianchetti/Meli-Quasar-NB/src/service/satellite-service.go:64.38,66.3 1 0
github.com/nicobianchetti/Meli-Quasar-NB/src/service/satellite-service.go:76.31,79.3 2 1
github.com/nicobianchetti/Meli-Quasar-NB/src/service/satellite-service.go:88.30,90.3 1 1
github.com/nicobianchetti/Meli-Quasar-NB/src/service/satellite-service.go:92.16,94.3 1 0
github.com/nicobianchetti/Meli-Quasar-NB/src/service/satellite-service.go:100.29,103.3 2 1
github.com/nicobianchetti/Meli-Quasar-NB/src/service/satellite-service.go:105.16,107.3 1 0
github.com/nicobianchetti/Meli-Quasar-NB/src/service/satellite-service.go:119.86,123.16 2 0
github.com/nicobianchetti/Meli-Quasar-NB/src/service/satellite-service.go:128.2,128.23 1 0
github.com/nicobianchetti/Meli-Quasar-NB/src/service/satellite-service.go:172.2,178.16 4 0
github.com/nicobianchetti/Meli-Quasar-NB/src/service/satellite-service.go:182.2,182.12 1 0
github.com/nicobianchetti/Meli-Quasar-NB/src/service/satellite-service.go:123.16,125.3 1 0
github.com/nicobianchetti/Meli-Quasar-NB/src/service/satellite-service.go:128.23,134.43 4 0
github.com/nicobianchetti/Meli-Quasar-NB/src/service/satellite-service.go:146.3,146.24 1 0
github.com/nicobianchetti/Meli-Quasar-NB/src/service/satellite-service.go:156.3,158.17 2 0
github.com/nicobianchetti/Meli-Quasar-NB/src/service/satellite-service.go:162.3,164.17 2 0
github.com/nicobianchetti/Meli-Quasar-NB/src/service/satellite-service.go:168.3,168.13 1 0
github.com/nicobianchetti/Meli-Quasar-NB/src/service/satellite-service.go:134.43,135.32 1 0
github.com/nicobianchetti/Meli-Quasar-NB/src/service/satellite-service.go:135.32,137.93 2 0
github.com/nicobianchetti/Meli-Quasar-NB/src/service/satellite-service.go:140.5,141.10 2 0
github.com/nicobianchetti/Meli-Quasar-NB/src/service/satellite-service.go:137.93,139.6 1 0
github.com/nicobianchetti/Meli-Quasar-NB/src/service/satellite-service.go:146.24,148.4 1 0
github.com/nicobianchetti/Meli-Quasar-NB/src/service/satellite-service.go:148.9,150.18 1 0
github.com/nicobianchetti/Meli-Quasar-NB/src/service/satellite-service.go:150.18,153.5 2 0
github.com/nicobianchetti/Meli-Quasar-NB/src/service/satellite-service.go:158.17,160.4 1 0
github.com/nicobianchetti/Meli-Quasar-NB/src/service/satellite-service.go:164.17,166.4 1 0
github.com/nicobianchetti/Meli-Quasar-NB/src/service/satellite-service.go:178.16,180.3 1 0
github.com/nicobianchetti/Meli-Quasar-NB/src/service/satellite-service.go:186.91,190.16 2 0
github.com/nicobianchetti/Meli-Quasar-NB/src/service/satellite-service.go:194.2,194.23 1 0
github.com/nicobianchetti/Meli-Quasar-NB/src/service/satellite-service.go:199.2,199.24 1 0
github.com/nicobianchetti/Meli-Quasar-NB/src/service/satellite-service.go:190.16,192.3 1 0
github.com/nicobianchetti/Meli-Quasar-NB/src/service/satellite-service.go:194.23,197.3 2 0
github.com/nicobianchetti/Meli-Quasar-NB/src/service/satellite-service.go:202.56,206.16 2 0
github.com/nicobianchetti/Meli-Quasar-NB/src/service/satellite-service.go:210.2,210.12 1 0
github.com/nicobianchetti/Meli-Quasar-NB/src/service/satellite-service.go:206.16,208.3 1 0
github.com/nicobianchetti/Meli-Quasar-NB/src/service/satellite-trilateration.go:11.74,19.32 4 1
github.com/nicobianchetti/Meli-Quasar-NB/src/service/satellite-trilateration.go:27.2,27.71 1 0
github.com/nicobianchetti/Meli-Quasar-NB/src/service/satellite-trilateration.go:19.32,25.3 3 1
github.com/nicobianchetti/Meli-Quasar-NB/src/service/satellite-location.go:14.78,22.2 3 1
github.com/nicobianchetti/Meli-Quasar-NB/src/service/satellite-location.go:27.78,31.30 2 1
github.com/nicobianchetti/Meli-Quasar-NB/src/service/satellite-location.go:43.2,43.34 1 1
github.com/nicobianchetti/Meli-Quasar-NB/src/service/satellite-location.go:31.30,32.22 1 1
github.com/nicobianchetti/Meli-Quasar-NB/src/service/satellite-location.go:33.17,34.63 1 1
github.com/nicobianchetti/Meli-Quasar-NB/src/service/satellite-location.go:35.20,36.69 1 1
github.com/nicobianchetti/Meli-Quasar-NB/src/service/satellite-location.go:37.15,38.59 1 1
github.com/nicobianchetti/Meli-Quasar-NB/src/service/satellite-message.go:19.63,27.2 3 1
github.com/nicobianchetti/Meli-Quasar-NB/src/service/satellite-message.go:32.55,38.29 4 1
github.com/nicobianchetti/Meli-Quasar-NB/src/service/satellite-message.go:51.2,51.18 1 1
github.com/nicobianchetti/Meli-Quasar-NB/src/service/satellite-message.go:108.2,108.42 1 1
github.com/nicobianchetti/Meli-Quasar-NB/src/service/satellite-message.go:38.29,41.29 1 1
github.com/nicobianchetti/Meli-Quasar-NB/src/service/satellite-message.go:45.3,45.19 1 1
github.com/nicobianchetti/Meli-Quasar-NB/src/service/satellite-message.go:41.29,43.4 1 1
github.com/nicobianchetti/Meli-Quasar-NB/src/service/satellite-message.go:45.19,47.4 1 1
github.com/nicobianchetti/Meli-Quasar-NB/src/service/satellite-message.go:51.18,56.30 3 1
github.com/nicobianchetti/Meli-Quasar-NB/src/service/satellite-message.go:65.3,68.27 2 1
github.com/nicobianchetti/Meli-Quasar-NB/src/service/satellite-message.go:80.3,83.35 2 1
github.com/nicobianchetti/Meli-Quasar-NB/src/service/satellite-message.go:103.3,105.53 2 1
github.com/nicobianchetti/Meli-Quasar-NB/src/service/satellite-message.go:56.30,58.21 1 1
github.com/nicobianchetti/Meli-Quasar-NB/src/service/satellite-message.go:58.21,60.5 1 1
github.com/nicobianchetti/Meli-Quasar-NB/src/service/satellite-message.go:60.10,62.5 1 1
github.com/nicobianchetti/Meli-Quasar-NB/src/service/satellite-message.go:68.27,70.18 2 1
github.com/nicobianchetti/Meli-Quasar-NB/src/service/satellite-message.go:74.4,74.27 1 1
github.com/nicobianchetti/Meli-Quasar-NB/src/service/satellite-message.go:70.18,72.5 1 0
github.com/nicobianchetti/Meli-Quasar-NB/src/service/satellite-message.go:76.9,78.4 1 1
github.com/nicobianchetti/Meli-Quasar-NB/src/service/satellite-message.go:83.35,86.18 2 1
github.com/nicobianchetti/Meli-Quasar-NB/src/service/satellite-message.go:90.4,90.29 1 1
github.com/nicobianchetti/Meli-Quasar-NB/src/service/satellite-message.go:86.18,88.5 1 0
github.com/nicobianchetti/Meli-Quasar-NB/src/service/satellite-message.go:90.29,92.19 2 1
github.com/nicobianchetti/Meli-Quasar-NB/src/service/satellite-message.go:96.5,96.65 1 1
github.com/nicobianchetti/Meli-Quasar-NB/src/service/satellite-message.go:92.19,94.6 1 0
github.com/nicobianchetti/Meli-Quasar-NB/src/service/satellite-message.go:98.10,100.5 1 1
github.com/nicobianchetti/Meli-Quasar-NB/src/service/satellite-message.go:112.80,120.31 4 1
github.com/nicobianchetti/Meli-Quasar-NB/src/service/satellite-message.go:143.2,145.16 2 1
github.com/nicobianchetti/Meli-Quasar-NB/src/service/satellite-message.go:167.2,169.32 2 1
github.com/nicobianchetti/Meli-Quasar-NB/src/service/satellite-message.go:173.2,173.37 1 1
github.com/nicobianchetti/Meli-Quasar-NB/src/service/satellite-message.go:120.31,121.14 1 1
github.com/nicobianchetti/Meli-Quasar-NB/src/service/satellite-message.go:138.3,138.17 1 1
github.com/nicobianchetti/Meli-Quasar-NB/src/service/satellite-message.go:121.14,125.32 1 1
github.com/nicobianchetti/Meli-Quasar-NB/src/service/satellite-message.go:125.32,127.15 1 1
github.com/nicobianchetti/Meli-Quasar-NB/src/service/satellite-message.go:127.15,131.11 4 1
github.com/nicobianchetti/Meli-Quasar-NB/src/service/satellite-message.go:138.17,139.9 1 1
github.com/nicobianchetti/Meli-Quasar-NB/src/service/satellite-message.go:145.16,147.40 1 1
github.com/nicobianchetti/Meli-Quasar-NB/src/service/satellite-message.go:152.3,152.39 1 1
github.com/nicobianchetti/Meli-Quasar-NB/src/service/satellite-message.go:157.3,159.33 2 1
github.com/nicobianchetti/Meli-Quasar-NB/src/service/satellite-message.go:163.3,163.38 1 1
github.com/nicobianchetti/Meli-Quasar-NB/src/service/satellite-message.go:147.40,150.4 1 0
github.com/nicobianchetti/Meli-Quasar-NB/src/service/satellite-message.go:152.39,154.4 1 0
github.com/nicobianchetti/Meli-Quasar-NB/src/service/satellite-message.go:159.33,161.4 1 1
github.com/nicobianchetti/Meli-Quasar-NB/src/service/satellite-message.go:169.32,171.3 1 1
github.com/nicobianchetti/Meli-Quasar-NB/src/service/satellite-message.go:177.70,181.30 2 1
github.com/nicobianchetti/Meli-Quasar-NB/src/service/satellite-message.go:186.2,186.30 1 1
github.com/nicobianchetti/Meli-Quasar-NB/src/service/satellite-message.go:181.30,182.14 1 1
github.com/nicobianchetti/Meli-Quasar-NB/src/service/satellite-message.go:182.14,184.4 1 0
github.com/nicobianchetti/Meli-Quasar-NB/src/service/satellite-message.go:190.71,194.34 2 1
github.com/nicobianchetti/Meli-Quasar-NB/src/service/satellite-message.go:210.2,210.20 1 1
github.com/nicobianchetti/Meli-Quasar-NB/src/service/satellite-message.go:194.34,195.23 1 1
github.com/nicobianchetti/Meli-Quasar-NB/src/service/satellite-message.go:195.23,196.15 1 1
github.com/nicobianchetti/Meli-Quasar-NB/src/service/satellite-message.go:196.15,198.24 1 1
github.com/nicobianchetti/Meli-Quasar-NB/src/service/satellite-message.go:198.24,200.6 1 1
github.com/nicobianchetti/Meli-Quasar-NB/src/service/satellite-message.go:200.11,201.24 1 1
github.com/nicobianchetti/Meli-Quasar-NB/src/service/satellite-message.go:201.24,203.7 1 1
github.com/nicobianchetti/Meli-Quasar-NB/src/service/satellite-message.go:213.71,217.16 2 1
github.com/nicobianchetti/Meli-Quasar-NB/src/service/satellite-message.go:221.2,224.27 2 1
github.com/nicobianchetti/Meli-Quasar-NB/src/service/satellite-message.go:234.2,234.27 1 1
github.com/nicobianchetti/Meli-Quasar-NB/src/service/satellite-message.go:239.2,241.23 2 1
github.com/nicobianchetti/Meli-Quasar-NB/src/service/satellite-message.go:217.16,219.3 1 1
github.com/nicobianchetti/Meli-Quasar-NB/src/service/satellite-message.go:224.27,225.14 1 1
github.com/nicobianchetti/Meli-Quasar-NB/src/service/satellite-message.go:225.14,226.26 1 1
github.com/nicobianchetti/Meli-Quasar-NB/src/service/satellite-message.go:229.4,230.19 2 1
github.com/nicobianchetti/Meli-Quasar-NB/src/service/satellite-message.go:226.26,228.5 1 1
github.com/nicobianchetti/Meli-Quasar-NB/src/service/satellite-message.go:234.27,236.3 1 1
